#
# There is insufficient memory for the Java Runtime Environment to continue.
# Native memory allocation (mmap) failed to map 266338304 bytes. Error detail: G1 virtual space
# Possible reasons:
#   The system is out of physical RAM or swap space
#   This process is running with CompressedOops enabled, and the Java Heap may be blocking the growth of the native heap
# Possible solutions:
#   Reduce memory load on the system
#   Increase physical memory or swap space
#   Check if swap backing store is full
#   Decrease Java heap size (-Xmx/-Xms)
#   Decrease number of Java threads
#   Decrease Java thread stack sizes (-Xss)
#   Set larger code cache with -XX:ReservedCodeCacheSize=
#   JVM is running with Zero Based Compressed Oops mode in which the Java heap is
#     placed in the first 32GB address space. The Java Heap base address is the
#     maximum limit for the native heap growth. Please use -XX:HeapBaseMinAddress
#     to set the Java Heap base and to place the Java Heap above 32GB virtual address.
# This output file may be truncated or incomplete.
#
#  Out of Memory Error (os_windows.cpp:3631), pid=5480, tid=2220
#
# JRE version:  (22.0.2+9) (build )
# Java VM: OpenJDK 64-Bit Server VM (22.0.2+9-70, mixed mode, sharing, tiered, compressed oops, compressed class ptrs, g1 gc, windows-amd64)
# No core dump will be written. Minidumps are not enabled by default on client versions of Windows
#

---------------  S U M M A R Y ------------

Command Line: C:\Users\meizu\AppData\Local\Temp\surefire554440147141134704\surefirebooter-20250403173029017_3.jar C:\Users\meizu\AppData\Local\Temp\surefire554440147141134704 2025-04-03T17-30-28_830-jvmRun1 surefire-20250403173029017_1tmp surefire_0-20250403173029017_2tmp

Host: Intel(R) Core(TM) i5-10300H CPU @ 2.50GHz, 8 cores, 15G,  Windows 11 , 64 bit Build 22621 (10.0.22621.4974)
Time: Thu Apr  3 17:30:29 2025  Windows 11 , 64 bit Build 22621 (10.0.22621.4974) elapsed time: 0.017302 seconds (0d 0h 0m 0s)

---------------  T H R E A D  ---------------

Current thread (0x0000011f60d5f100):  JavaThread "Unknown thread" [_thread_in_vm, id=2220, stack(0x0000000c04200000,0x0000000c04300000) (1024K)]

Stack: [0x0000000c04200000,0x0000000c04300000]
Native frames: (J=compiled Java code, j=interpreted, Vv=VM code, C=native code)
V  [jvm.dll+0x6e26e9]  (no source info available)
V  [jvm.dll+0x875753]  (no source info available)
V  [jvm.dll+0x877b7e]  (no source info available)
V  [jvm.dll+0x878253]  (no source info available)
V  [jvm.dll+0x27fc86]  (no source info available)
V  [jvm.dll+0x6ded85]  (no source info available)
V  [jvm.dll+0x6d388a]  (no source info available)
V  [jvm.dll+0x358b8a]  (no source info available)
V  [jvm.dll+0x3610b6]  (no source info available)
V  [jvm.dll+0x3b419e]  (no source info available)
V  [jvm.dll+0x3b4448]  (no source info available)
V  [jvm.dll+0x32c5ec]  (no source info available)
V  [jvm.dll+0x32d258]  (no source info available)
V  [jvm.dll+0x83d5ac]  (no source info available)
V  [jvm.dll+0x3c10d1]  (no source info available)
V  [jvm.dll+0x8264cc]  (no source info available)
V  [jvm.dll+0x45bd5e]  (no source info available)
V  [jvm.dll+0x45dbe1]  (no source info available)
C  [jli.dll+0x52a3]  (no source info available)
C  [ucrtbase.dll+0x29333]  (no source info available)
C  [KERNEL32.DLL+0x1259d]  (no source info available)
C  [ntdll.dll+0x5af38]  (no source info available)


---------------  P R O C E S S  ---------------

Threads class SMR info:
_java_thread_list=0x00007fffa921c1c8, length=0, elements={
}

Java Threads: ( => current thread )
Total: 0

Other Threads:
  0x0000011f62ea3b20 WorkerThread "GC Thread#0"                     [id=6120, stack(0x0000000c04300000,0x0000000c04400000) (1024K)]
  0x0000011f62eb51f0 ConcurrentGCThread "G1 Main Marker"            [id=17880, stack(0x0000000c04400000,0x0000000c04500000) (1024K)]
  0x0000011f62eb5c10 WorkerThread "G1 Conc#0"                       [id=1904, stack(0x0000000c04500000,0x0000000c04600000) (1024K)]

[error occurred during error reporting (printing all threads), id 0xc0000005, EXCEPTION_ACCESS_VIOLATION (0xc0000005) at pc=0x00007fffa896f517]
VM state: not at safepoint (not fully initialized)

VM Mutex/Monitor currently owned by a thread:  ([mutex/lock_event])
[0x00007fffa929cc80] Heap_lock - owner thread: 0x0000011f60d5f100

Heap address: 0x0000000702000000, size: 4064 MB, Compressed Oops mode: Zero based, Oop shift amount: 3

CDS archive(s) mapped at: [0x0000000000000000-0x0000000000000000-0x0000000000000000), size 0, SharedBaseAddress: 0x0000000800000000, ArchiveRelocationMode: 1.
Narrow klass base: 0x0000000000000000, Narrow klass shift: 0, Narrow klass range: 0x0

GC Precious Log:
 CardTable entry size: 512
 Card Set container configuration: InlinePtr #cards 4 size 8 Array Of Cards #cards 16 size 48 Howl #buckets 8 coarsen threshold 3686 Howl Bitmap #cards 512 size 80 coarsen threshold 460 Card regions per heap region 1 cards per card region 4096

Heap:
 garbage-first heap   total reserved 4161536K, committed 0K, used 0K [0x0000000702000000, 0x0000000800000000)
  region size 2048K, 0 young (0K), 0 survivors (0K)

[error occurred during error reporting (printing heap information), id 0xc0000005, EXCEPTION_ACCESS_VIOLATION (0xc0000005) at pc=0x00007fffa8d6e869]
GC Heap History (0 events):
No events

Dll operation events (1 events):
Event: 0.011 Loaded shared library C:\Users\meizu\.jdks\openjdk-22.0.2\bin\java.dll

Deoptimization events (0 events):
No events

Classes loaded (0 events):
No events

Classes unloaded (0 events):
No events

Classes redefined (0 events):
No events

Internal exceptions (0 events):
No events

ZGC Phase Switch (0 events):
No events

VM Operations (0 events):
No events

Memory protections (0 events):
No events

Nmethod flushes (0 events):
No events

Events (0 events):
No events


Dynamic libraries:
0x00007ff6ed140000 - 0x00007ff6ed14e000 	C:\Users\meizu\.jdks\openjdk-22.0.2\bin\java.exe
0x00007ff839530000 - 0x00007ff839747000 	C:\WINDOWS\SYSTEM32\ntdll.dll
0x00007ff839130000 - 0x00007ff8391f4000 	C:\WINDOWS\System32\KERNEL32.DLL
0x00007ff836920000 - 0x00007ff836cf1000 	C:\WINDOWS\System32\KERNELBASE.dll
0x00007ff836d80000 - 0x00007ff836e91000 	C:\WINDOWS\System32\ucrtbase.dll
0x00007ff824090000 - 0x00007ff8240a7000 	C:\Users\meizu\.jdks\openjdk-22.0.2\bin\jli.dll
0x00007ff8100f0000 - 0x00007ff81010b000 	C:\Users\meizu\.jdks\openjdk-22.0.2\bin\VCRUNTIME140.dll
0x00007ff839260000 - 0x00007ff839411000 	C:\WINDOWS\System32\USER32.dll
0x00007ff81fc20000 - 0x00007ff81feb2000 	C:\WINDOWS\WinSxS\amd64_microsoft.windows.common-controls_6595b64144ccf1df_6.0.22621.4830_none_270fe7d773858e80\COMCTL32.dll
0x00007ff8368f0000 - 0x00007ff836916000 	C:\WINDOWS\System32\win32u.dll
0x00007ff837970000 - 0x00007ff837a17000 	C:\WINDOWS\System32\msvcrt.dll
0x00007ff838bb0000 - 0x00007ff838bd9000 	C:\WINDOWS\System32\GDI32.dll
0x00007ff836ea0000 - 0x00007ff836fbb000 	C:\WINDOWS\System32\gdi32full.dll
0x00007ff837160000 - 0x00007ff8371fa000 	C:\WINDOWS\System32\msvcp_win.dll
0x00007ff837930000 - 0x00007ff837961000 	C:\WINDOWS\System32\IMM32.DLL
0x00007ff8335a0000 - 0x00007ff8335ac000 	C:\Users\meizu\.jdks\openjdk-22.0.2\bin\vcruntime140_1.dll
0x00007ffff1910000 - 0x00007ffff199e000 	C:\Users\meizu\.jdks\openjdk-22.0.2\bin\msvcp140.dll
0x00007fffa8630000 - 0x00007fffa9379000 	C:\Users\meizu\.jdks\openjdk-22.0.2\bin\server\jvm.dll
0x00007ff839420000 - 0x00007ff8394d1000 	C:\WINDOWS\System32\ADVAPI32.dll
0x00007ff838bf0000 - 0x00007ff838c97000 	C:\WINDOWS\System32\sechost.dll
0x00007ff837130000 - 0x00007ff837158000 	C:\WINDOWS\System32\bcrypt.dll
0x00007ff838a00000 - 0x00007ff838b14000 	C:\WINDOWS\System32\RPCRT4.dll
0x00007ff837670000 - 0x00007ff8376e1000 	C:\WINDOWS\System32\WS2_32.dll
0x00007ff8354e0000 - 0x00007ff83552d000 	C:\WINDOWS\SYSTEM32\POWRPROF.dll
0x00007ff82d170000 - 0x00007ff82d1a4000 	C:\WINDOWS\SYSTEM32\WINMM.dll
0x00007ff82cf20000 - 0x00007ff82cf2a000 	C:\WINDOWS\SYSTEM32\VERSION.dll
0x00007ff8354c0000 - 0x00007ff8354d3000 	C:\WINDOWS\SYSTEM32\UMPDC.dll
0x00007ff835770000 - 0x00007ff835788000 	C:\WINDOWS\SYSTEM32\kernel.appcore.dll
0x00007ff8315d0000 - 0x00007ff8315da000 	C:\Users\meizu\.jdks\openjdk-22.0.2\bin\jimage.dll
0x00007ff834040000 - 0x00007ff834272000 	C:\WINDOWS\SYSTEM32\DBGHELP.DLL
0x00007ff838ca0000 - 0x00007ff839030000 	C:\WINDOWS\System32\combase.dll
0x00007ff839050000 - 0x00007ff839127000 	C:\WINDOWS\System32\OLEAUT32.dll
0x00007ff80f530000 - 0x00007ff80f562000 	C:\WINDOWS\SYSTEM32\dbgcore.DLL
0x00007ff836870000 - 0x00007ff8368eb000 	C:\WINDOWS\System32\bcryptPrimitives.dll
0x00007ff8100d0000 - 0x00007ff8100ee000 	C:\Users\meizu\.jdks\openjdk-22.0.2\bin\java.dll
0x00007ff837a20000 - 0x00007ff8382a8000 	C:\WINDOWS\System32\SHELL32.dll
0x00007ff836730000 - 0x00007ff83686f000 	C:\WINDOWS\System32\wintypes.dll
0x00007ff837370000 - 0x00007ff837511000 	C:\WINDOWS\System32\ole32.dll

dbghelp: loaded successfully - version: 4.0.5 - missing functions: none
symbol engine: initialized successfully - sym options: 0x614 - pdb path: .;C:\Users\meizu\.jdks\openjdk-22.0.2\bin;C:\WINDOWS\SYSTEM32;C:\WINDOWS\WinSxS\amd64_microsoft.windows.common-controls_6595b64144ccf1df_6.0.22621.4830_none_270fe7d773858e80;C:\Users\meizu\.jdks\openjdk-22.0.2\bin\server

VM Arguments:
java_command: C:\Users\meizu\AppData\Local\Temp\surefire554440147141134704\surefirebooter-20250403173029017_3.jar C:\Users\meizu\AppData\Local\Temp\surefire554440147141134704 2025-04-03T17-30-28_830-jvmRun1 surefire-20250403173029017_1tmp surefire_0-20250403173029017_2tmp
java_class_path (initial): C:\Users\meizu\AppData\Local\Temp\surefire554440147141134704\surefirebooter-20250403173029017_3.jar
Launcher Type: SUN_STANDARD

[Global flags]
     intx CICompilerCount                          = 4                                         {product} {ergonomic}
     uint ConcGCThreads                            = 2                                         {product} {ergonomic}
     uint G1ConcRefinementThreads                  = 8                                         {product} {ergonomic}
   size_t G1HeapRegionSize                         = 2097152                                   {product} {ergonomic}
   size_t InitialHeapSize                          = 266338304                                 {product} {ergonomic}
   size_t MarkStackSize                            = 4194304                                   {product} {ergonomic}
   size_t MaxHeapSize                              = 4261412864                                {product} {ergonomic}
   size_t MinHeapDeltaBytes                        = 2097152                                   {product} {ergonomic}
   size_t MinHeapSize                              = 8388608                                   {product} {ergonomic}
    uintx NonNMethodCodeHeapSize                   = 5839372                                {pd product} {ergonomic}
    uintx NonProfiledCodeHeapSize                  = 122909434                              {pd product} {ergonomic}
    uintx ProfiledCodeHeapSize                     = 122909434                              {pd product} {ergonomic}
    uintx ReservedCodeCacheSize                    = 251658240                              {pd product} {ergonomic}
     bool SegmentedCodeCache                       = true                                      {product} {ergonomic}
   size_t SoftMaxHeapSize                          = 4261412864                             {manageable} {ergonomic}
     bool UseCompressedOops                        = true                           {product lp64_product} {ergonomic}
     bool UseG1GC                                  = true                                      {product} {ergonomic}
     bool UseLargePagesIndividualAllocation        = false                                  {pd product} {ergonomic}

Logging:
Log output configuration:
 #0: stdout all=warning uptime,level,tags foldmultilines=false
 #1: stderr all=off uptime,level,tags foldmultilines=false

Environment Variables:
JAVA_HOME=C:\Program Files\OpenJDK\jdk-21.0.2\bin\bin
PATH=C:\Program Files\Eclipse Adoptium\jdk-17.0.12.7-hotspot\bin;C:\ProgramData\Oracle\Java\javapath;C:\WINDOWS\system32;C:\WINDOWS;C:\WINDOWS\System32\Wbem;C:\WINDOWS\System32\WindowsPowerShell\v1.0\;C:\WINDOWS\System32\OpenSSH\;C:\Program Files\Common Files\Autodesk Shared\;C:\Program Files\Microsoft SQL Server\150\Tools\Binn\;C:\Program Files\Microsoft SQL Server\Client SDK\ODBC\170\Tools\Binn\;C:\Program Files (x86)\Microsoft SQL Server\150\Tools\Binn\;C:\Program Files\Microsoft SQL Server\150\DTS\Binn\;C:\Program Files\Git\cmd;C:\ProgramData\chocolatey\bin;C:\WINDOWS\system32;C:\WINDOWS;C:\WINDOWS\System32\Wbem;C:\WINDOWS\System32\WindowsPowerShell\v1.0\;C:\WINDOWS\System32\OpenSSH\;C:\Program Files\Docker\Docker\resources\bin;C:\Program Files\Java\jdk-11\bin;C:\Program Files\OpenJDK\jdk-21.0.2\bin;C:\Program Files\NVIDIA Corporation\NVIDIA NvDLISR;C:\Program Files (x86)\NVIDIA Corporation\PhysX\Common;C:\Users\meizu\AppData\Roaming\nvm;C:\Program Files\nodejs;C:\Program Files\MySQL\MySQL Shell 8.0\bin\;C:\Users\meizu\AppData\Local\Microsoft\WindowsApps;C:\Users\meizu\.dotnet\tools;C:\Program Files\Azure Data Studio\bin;C:\Users\meizu\AppData\Local\Programs\Microsoft VS Code\bin;C:\Users\meizu\AppData\Roaming\npm;C:\Exercism;C:\Users\meizu\go\bin;C:\Program Files\JetBrains\IntelliJ IDEA Community Edition 2023.1.1\bin;C:\Program Files\JetBrains\IntelliJ IDEA 2024.1\bin;C:\Program Files\Java\jdk-11\bin;C:\Program Files\OpenJDK\jdk-21.0.2\bin;C:\Users\meizu\AppData\Roaming\nvm;C:\Program Files\nodejs;C:\Program Files\PostgreSQL\16\bin;C:\tools\dart-sdk\bin;C:\Users\meizu\AppData\Local\Pub\Cache\bin
USERNAME=meizu
OS=Windows_NT
PROCESSOR_IDENTIFIER=Intel64 Family 6 Model 165 Stepping 2, GenuineIntel
TMP=C:\Users\meizu\AppData\Local\Temp
TEMP=C:\Users\meizu\AppData\Local\Temp




Periodic native trim disabled

---------------  S Y S T E M  ---------------

OS:
 Windows 11 , 64 bit Build 22621 (10.0.22621.4974)
OS uptime: 2 days 2:13 hours
Hyper-V role detected

CPU: total 8 (initial active 8) (4 cores per cpu, 2 threads per core) family 6 model 165 stepping 2 microcode 0xe2, cx8, cmov, fxsr, ht, mmx, 3dnowpref, sse, sse2, sse3, ssse3, sse4.1, sse4.2, popcnt, lzcnt, tsc, tscinvbit, avx, avx2, aes, erms, clmul, bmi1, bmi2, adx, fma, vzeroupper, clflush, clflushopt, hv, rdtscp, f16c
Processor Information for all 8 processors :
  Max Mhz: 2496, Current Mhz: 2396, Mhz Limit: 2496

Memory: 4k page, system-wide physical 16251M (2080M free)
TotalPageFile size 25987M (AvailPageFile size 254M)
current process WorkingSet (physical memory assigned to process): 12M, peak: 12M
current process commit charge ("private bytes"): 60M, peak: 314M

vm_info: OpenJDK 64-Bit Server VM (22.0.2+9-70) for windows-amd64 JRE (22.0.2+9-70), built on 2024-06-04T16:52:23Z by "mach5one" with MS VC++ 17.6 (VS2022)

END.
